<?xml version="1.0" encoding="UTF-8"?>
<!-- Generated by org.testng.reporters.JUnitReportReporter -->
<testsuite hostname="shtripat-WX-1" name="cleartrip.LoginInvoke" tests="1" failures="0" timestamp="24 Feb 2017 09:32:28 GMT" time="9.152" errors="0">
  <testcase name="search" time="9.152" classname="cleartrip.LoginInvoke"/>
</testsuite> <!-- cleartrip.LoginInvoke -->
